<?xml version="1.0" encoding="UTF-8"?>
<!-- Generated by org.testng.reporters.JUnitReportReporter -->
<testsuite hostname="LAPTOP-24VISA1M" failures="0" tests="1" name="com.herokuapp.theinternet.PositiveTests" time="26.577" errors="0" timestamp="23 Apr 2021 10:14:43 GMT" skipped="0">
  <testcase classname="com.herokuapp.theinternet.PositiveTests" name="loginTest" time="26.577"/>
</testsuite> <!-- com.herokuapp.theinternet.PositiveTests -->
